<?xml version="1.0" encoding="UTF-8"?>
<testsuite name="use_case.StoreInPriorityQueueUseCaseTest" tests="3" skipped="0" failures="0" errors="0" timestamp="2023-08-09T01:41:01" hostname="Alecs-MacBook-Air.local" time="0.016">
  <properties/>
  <testcase name="testStoreInPriorityQueue()" classname="use_case.StoreInPriorityQueueUseCaseTest" time="0.014"/>
  <testcase name="testStoreSingleElementArray()" classname="use_case.StoreInPriorityQueueUseCaseTest" time="0.001"/>
  <testcase name="testStoreEmptyArray()" classname="use_case.StoreInPriorityQueueUseCaseTest" time="0.001"/>
  <system-out><![CDATA[]]></system-out>
  <system-err><![CDATA[]]></system-err>
</testsuite>
